<?xml version="1.0" encoding="UTF-8"?>
<!-- Generated by org.testng.reporters.JUnitReportReporter -->
<testsuite hostname="WINDOWS-33PFONA" failures="0" tests="1" name="testExecution.SearchTest" time="25.698" errors="0" timestamp="2022-06-22T12:37:24 IST" skipped="0">
  <testcase classname="testExecution.SearchTest" name="SearchApp" time="25.698"/>
  <system-out/>
</testsuite> <!-- testExecution.SearchTest -->
