<?xml version="1.0" encoding="UTF-8"?>
<!-- Generated by org.testng.reporters.JUnitReportReporter -->
<testsuite hostname="LAPTOP-KU5QVE9R" failures="0" tests="1" name="testExecution.SearchTest" time="30.761" errors="0" timestamp="2022-02-08T10:47:23 IST" skipped="0">
  <testcase classname="testExecution.SearchTest" name="SearchApp" time="30.761"/>
  <system-out/>
</testsuite> <!-- testExecution.SearchTest -->
