<?xml version="1.0" encoding="UTF-8"?>
<!-- Generated by org.testng.reporters.JUnitReportReporter -->
<testsuite hostname="LAPTOP-KU5QVE9R" failures="0" tests="1" name="testExecution.SearchTest" time="20.372" errors="0" timestamp="2022-02-14T20:09:55 IST" skipped="0">
  <testcase classname="testExecution.SearchTest" name="SearchApp" time="20.372"/>
  <system-out/>
</testsuite> <!-- testExecution.SearchTest -->
