<?xml version="1.0" encoding="UTF-8"?>
<!-- Generated by org.testng.reporters.JUnitReportReporter -->
<testsuite hostname="LAPTOP-KU5QVE9R" failures="0" tests="1" name="testExecution.SearchTest" time="43.173" errors="0" timestamp="2022-02-07T22:03:20 IST" skipped="0">
  <testcase classname="testExecution.SearchTest" name="SearchApp" time="43.173"/>
  <system-out/>
</testsuite> <!-- testExecution.SearchTest -->
